This is pdfTeX, Version 3.14159265-2.6-1.40.16 (TeX Live 2015/W32TeX) (preloaded format=pdflatex 2018.1.29)  6 MAR 2018 15:46
entering extended mode
 restricted \write18 enabled.
 %&-line parsing enabled.
**./Record.tex
(./Record.tex
LaTeX2e <2015/01/01>
Babel <3.9l> and hyphenation patterns for 79 languages loaded.
(c:/texlive/2015/texmf-dist/tex/latex/base/article.cls
Document Class: article 2014/09/29 v1.4h Standard LaTeX document class
(c:/texlive/2015/texmf-dist/tex/latex/base/size10.clo
File: size10.clo 2014/09/29 v1.4h Standard LaTeX file (size option)
)
\c@part=\count79
\c@section=\count80
\c@subsection=\count81
\c@subsubsection=\count82
\c@paragraph=\count83
\c@subparagraph=\count84
\c@figure=\count85
\c@table=\count86
\abovecaptionskip=\skip41
\belowcaptionskip=\skip42
\bibindent=\dimen102
)
(c:/texlive/2015/texmf-dist/tex/latex/ctex/ctex.sty
(c:/texlive/2015/texmf-dist/tex/latex/l3kernel/expl3.sty
Package: expl3 2015/03/01 v5547 L3 programming layer (loader) 

(c:/texlive/2015/texmf-dist/tex/latex/l3kernel/expl3-code.tex
Package: expl3 2015/03/01 v5547 L3 programming layer (code) 
L3 Module: l3bootstrap 2015/02/28 v5542 L3 Bootstrap code
L3 Module: l3names 2015/02/24 v5535 L3 Namespace for primitives
L3 Module: l3basics 2015/01/27 v5500 L3 Basic definitions
L3 Module: l3expan 2014/11/27 v5472 L3 Argument expansion
L3 Module: l3tl 2015/01/27 v5500 L3 Token lists
L3 Module: l3str 2015/03/01 v5545 L3 Strings
L3 Module: l3seq 2014/08/23 v5354 L3 Sequences and stacks
L3 Module: l3int 2015/02/21 v5529 L3 Integers
\c_max_int=\count87
\l_tmpa_int=\count88
\l_tmpb_int=\count89
\g_tmpa_int=\count90
\g_tmpb_int=\count91
L3 Module: l3quark 2014/08/23 v5354 L3 Quarks
L3 Module: l3prg 2014/08/23 v5354 L3 Control structures
\g__prg_map_int=\count92
L3 Module: l3clist 2014/08/23 v5354 L3 Comma separated lists
L3 Module: l3token 2014/09/15 v5422 L3 Experimental token manipulation
L3 Module: l3prop 2014/08/23 v5354 L3 Property lists
L3 Module: l3msg 2015/02/26 v5537 L3 Messages
L3 Module: l3file 2014/08/24 v5369 L3 File and I/O operations
\l_iow_line_count_int=\count93
\l__iow_target_count_int=\count94
\l__iow_current_line_int=\count95
\l__iow_current_word_int=\count96
\l__iow_current_indentation_int=\count97
L3 Module: l3skip 2014/08/23 v5354 L3 Dimensions and skips
\c_zero_dim=\dimen103
\c_max_dim=\dimen104
\l_tmpa_dim=\dimen105
\l_tmpb_dim=\dimen106
\g_tmpa_dim=\dimen107
\g_tmpb_dim=\dimen108
\c_zero_skip=\skip43
\c_max_skip=\skip44
\l_tmpa_skip=\skip45
\l_tmpb_skip=\skip46
\g_tmpa_skip=\skip47
\g_tmpb_skip=\skip48
\c_zero_muskip=\muskip10
\c_max_muskip=\muskip11
\l_tmpa_muskip=\muskip12
\l_tmpb_muskip=\muskip13
\g_tmpa_muskip=\muskip14
\g_tmpb_muskip=\muskip15
L3 Module: l3keys 2015/01/27 v5500 L3 Key-value interfaces
\g__keyval_level_int=\count98
\l_keys_choice_int=\count99
L3 Module: l3fp 2014/08/22 v5336 L3 Floating points
\c__fp_leading_shift_int=\count100
\c__fp_middle_shift_int=\count101
\c__fp_trailing_shift_int=\count102
\c__fp_big_leading_shift_int=\count103
\c__fp_big_middle_shift_int=\count104
\c__fp_big_trailing_shift_int=\count105
\c__fp_Bigg_leading_shift_int=\count106
\c__fp_Bigg_middle_shift_int=\count107
\c__fp_Bigg_trailing_shift_int=\count108
L3 Module: l3box 2014/08/23 v5354 L3 Experimental boxes
\c_empty_box=\box26
\l_tmpa_box=\box27
\l_tmpb_box=\box28
\g_tmpa_box=\box29
\g_tmpb_box=\box30
L3 Module: l3coffins 2014/08/23 v5354 L3 Coffin code layer
\l__coffin_internal_box=\box31
\l__coffin_internal_dim=\dimen109
\l__coffin_offset_x_dim=\dimen110
\l__coffin_offset_y_dim=\dimen111
\l__coffin_x_dim=\dimen112
\l__coffin_y_dim=\dimen113
\l__coffin_x_prime_dim=\dimen114
\l__coffin_y_prime_dim=\dimen115
\c_empty_coffin=\box32
\l__coffin_aligned_coffin=\box33
\l__coffin_aligned_internal_coffin=\box34
\l_tmpa_coffin=\box35
\l_tmpb_coffin=\box36
\l__coffin_display_coffin=\box37
\l__coffin_display_coord_coffin=\box38
\l__coffin_display_pole_coffin=\box39
\l__coffin_display_offset_dim=\dimen116
\l__coffin_display_x_dim=\dimen117
\l__coffin_display_y_dim=\dimen118
L3 Module: l3color 2014/08/23 v5354 L3 Experimental color support
L3 Module: l3candidates 2015/03/01 v5544 L3 Experimental additions to l3kernel
\l__box_top_dim=\dimen119
\l__box_bottom_dim=\dimen120
\l__box_left_dim=\dimen121
\l__box_right_dim=\dimen122
\l__box_top_new_dim=\dimen123
\l__box_bottom_new_dim=\dimen124
\l__box_left_new_dim=\dimen125
\l__box_right_new_dim=\dimen126
\l__box_internal_box=\box40
\l__coffin_bounding_shift_dim=\dimen127
\l__coffin_left_corner_dim=\dimen128
\l__coffin_right_corner_dim=\dimen129
\l__coffin_bottom_corner_dim=\dimen130
\l__coffin_top_corner_dim=\dimen131
\l__coffin_scaled_total_height_dim=\dimen132
\l__coffin_scaled_width_dim=\dimen133
)
(c:/texlive/2015/texmf-dist/tex/latex/l3kernel/l3unicode-data.def
File: l3unicode-data.def 2015/03/01 v5544 L3 Unicode data
)
(c:/texlive/2015/texmf-dist/tex/latex/l3kernel/l3pdfmode.def
File: l3pdfmode.def 2015/03/01 v5544 L3 Experimental driver: PDF mode
\l__driver_color_stack_int=\count109
))
Package: ctex 2015/05/16 v2.0.2 Chinese adapter in LaTeX (CTEX)

(c:/texlive/2015/texmf-dist/tex/latex/l3packages/xparse/xparse.sty
Package: xparse 2014/11/25 v5471 L3 Experimental document command parser
\l__xparse_current_arg_int=\count110
\l__xparse_m_args_int=\count111
\l__xparse_mandatory_args_int=\count112
\l__xparse_processor_int=\count113
\l__xparse_v_nesting_int=\count114
)
(c:/texlive/2015/texmf-dist/tex/latex/l3packages/l3keys2e/l3keys2e.sty
Package: l3keys2e 2014/11/25 v5471 LaTeX2e option processing using LaTeX3 keys
)
(c:/texlive/2015/texmf-dist/tex/latex/etoolbox/etoolbox.sty
Package: etoolbox 2015/05/04 v2.2 e-TeX tools for LaTeX (JAW)
\etb@tempcnta=\count115
)
(c:/texlive/2015/texmf-dist/tex/generic/oberdiek/ifpdf.sty
Package: ifpdf 2011/01/30 v2.3 Provides the ifpdf switch (HO)
Package ifpdf Info: pdfTeX in PDF mode is detected.
)
(c:/texlive/2015/texmf-dist/tex/latex/base/fix-cm.sty
Package: fix-cm 2015/01/14 v1.1t fixes to LaTeX

(c:/texlive/2015/texmf-dist/tex/latex/base/ts1enc.def
File: ts1enc.def 2001/06/05 v3.0e (jk/car/fm) Standard LaTeX file
))
(c:/texlive/2015/texmf-dist/tex/latex/ms/everysel.sty
Package: everysel 2011/10/28 v1.2 EverySelectfont Package (MS)
)
\l__ctex_tmp_int=\count116
\l__ctex_tmp_dim=\dimen134
\l__ctex_tmp_box=\box41
\g__file_internal_ior=\read1

(c:/texlive/2015/texmf-dist/tex/latex/ctex/config/ctexopts.cfg
File: ctexopts.cfg 2015/05/16 v2.0.2 Option configuration file (CTEX)
)
.................................................
. LaTeX info: "xparse/define-command"
. 
. Defining command \ctexset with sig. '+m' on line 452.
.................................................
.................................................
. LaTeX info: "xparse/define-command"
. 
. Defining command \CTEXsetup with sig. '+o>{\TrimSpaces }m' on line 458.
.................................................
.................................................
. LaTeX info: "xparse/define-command"
. 
. Defining command \CTEXoptions with sig. '+o' on line 464.
.................................................

(c:/texlive/2015/texmf-dist/tex/latex/ctex/engine/ctex-engine-pdftex.def
File: ctex-engine-pdftex.def 2015/05/16 v2.0.2 (pdf)LaTeX adapter (CTEX)

(c:/texlive/2015/texmf-dist/tex/latex/cjk/texinput/CJK.sty
Package: CJK 2015/04/18 4.8.4

(c:/texlive/2015/texmf-dist/tex/latex/cjk/texinput/mule/MULEenc.sty
Package: MULEenc 2015/04/18 4.8.4
)
(c:/texlive/2015/texmf-dist/tex/latex/cjk/texinput/CJK.enc
File: CJK.enc 2015/04/18 4.8.4
)
LaTeX Info: Redefining \selectfont on input line 755.
\CJK@indent=\box42
)
(c:/texlive/2015/texmf-dist/tex/latex/cjkpunct/CJKpunct.sty
Package: CJKpunct 2009/05/06 4.8.2
\CJKpunct@cnta=\count117
\CJKpunct@cntb=\count118
\CJKpunct@cntc=\count119
\CJKpunct@cntd=\count120
\CJKpunct@cnte=\count121
)
(c:/texlive/2015/texmf-dist/tex/latex/cjk/texinput/CJKspace.sty
Package: CJKspace 2015/04/18 3.8.0
)
(c:/texlive/2015/texmf-dist/tex/latex/cjk/texinput/standard.bdg
File: standard.bdg 2015/04/18 4.8.4
)
(c:/texlive/2015/texmf-dist/tex/latex/ctex/ctexspa.def
File: ctexspa.def 2015/05/15 v2.0.2 Space info for CJKpunct (CTEX)
)
(c:/texlive/2015/texmf-dist/tex/latex/cjk/texinput/CJKfntef.sty
Package: CJKfntef 2015/04/18 4.8.4

(c:/texlive/2015/texmf-dist/tex/latex/cjk/texinput/CJKulem.sty
Package: CJKulem 2015/04/18 4.8.4

(c:/texlive/2015/texmf-dist/tex/generic/ulem/ulem.sty
\UL@box=\box43
\UL@hyphenbox=\box44
\UL@skip=\skip49
\UL@hook=\toks14
\UL@height=\dimen135
\UL@pe=\count122
\UL@pixel=\dimen136
\ULC@box=\box45
Package: ulem 2012/05/18
\ULdepth=\dimen137
)
\UL@lastkern=\dimen138
\CJK@skip=\skip50
)
\CJK@fntefSkip=\skip51
\CJK@nest=\count123
\CJK@fntefDimen=\dimen139
\CJK@underdotBox=\box46
\CJK@ULbox=\box47
\CJK@underanyskip=\dimen140
)
\ccwd=\dimen141
\l__ctex_ccglue_skip=\skip52
)
.................................................
. LaTeX info: "xparse/define-command"
. 
. Defining command \CTEXsetfont with sig. '' on line 503.
.................................................
.................................................
. LaTeX info: "xparse/define-command"
. 
. Defining command \ziju with sig. 'm' on line 575.
.................................................
\l__ctex_ziju_dim=\dimen142
.................................................
. LaTeX info: "xparse/define-command"
. 
. Defining command \CTEXindent with sig. '' on line 616.
.................................................
.................................................
. LaTeX info: "xparse/define-command"
. 
. Defining command \CTEXnoindent with sig. '' on line 622.
.................................................

(c:/texlive/2015/texmf-dist/tex/latex/zhnumber/zhnumber.sty
Package: zhnumber 2014/09/13 v2.1 Typesetting numbers with Chinese glyphs
.................................................
. LaTeX info: "xparse/define-command"
. 
. Defining command \zhnumber with sig. '+o+m' on line 45.
.................................................
.................................................
. LaTeX info: "xparse/define-command"
. 
. Defining command \zhnumberwithoptions with sig. '+m+m' on line 52.
.................................................
.................................................
. LaTeX info: "xparse/define-command"
. 
. Defining command \zhnum with sig. '+o+m' on line 106.
.................................................
.................................................
. LaTeX info: "xparse/define-command"
. 
. Defining command \zhnumwithoptions with sig. '+m+m' on line 113.
.................................................
.................................................
. LaTeX info: "xparse/define-command"
. 
. Defining command \zhdigits with sig. '+s+o+m' on line 289.
.................................................
.................................................
. LaTeX info: "xparse/define-command"
. 
. Defining command \zhdigitswithoptions with sig. '+m+m+m' on line 296.
.................................................
.................................................
. LaTeX info: "xparse/define-command"
. 
. Defining command \zhdate with sig. '+s+m' on line 355.
.................................................
\l__zhnum_scale_int=\count124
.................................................
. LaTeX info: "xparse/define-command"
. 
. Defining command \zhnumExtendScaleMap with sig. '>{\TrimSpaces }+o+m' on
. line 468.
.................................................
\l__zhnum_byte_min_int=\count125
\l__zhnum_byte_max_int=\count126
.................................................
. LaTeX info: "xparse/define-command"
. 
. Defining command \zhnumsetup with sig. '+m' on line 800.
.................................................

(c:/texlive/2015/texmf-dist/tex/latex/zhnumber/config/zhnumber-gbk.cfg
File: zhnumber-gbk.cfg 2014/09/13 v2.1 Chinese numerals with GBK encoding
))
.................................................
. LaTeX info: "xparse/define-command"
. 
. Defining command \CTEXnumber with sig. 'mm' on line 629.
.................................................
.................................................
. LaTeX info: "xparse/define-command"
. 
. Defining command \CTEXdigits with sig. 'mm' on line 631.
.................................................

(c:/texlive/2015/texmf-dist/tex/latex/ctex/scheme/ctex-scheme-chinese.def
File: ctex-scheme-chinese.def 2015/05/16 v2.0.2 Chinese scheme for generic (CTE
X)

(c:/texlive/2015/texmf-dist/tex/latex/ctex/config/ctex-name-gbk.cfg
File: ctex-name-gbk.cfg 2015/05/16 v2.0.2 Caption with encoding GBK (CTEX)
)
(c:/texlive/2015/texmf-dist/tex/latex/tools/indentfirst.sty
Package: indentfirst 1995/11/23 v1.03 Indent first paragraph (DPC)
))
.................................................
. LaTeX info: "xparse/define-command"
. 
. Defining command \zihao with sig. 'm' on line 708.
.................................................

(c:/texlive/2015/texmf-dist/tex/latex/ctex/ctex-c5size.clo
File: ctex-c5size.clo 2015/05/16 v2.0.2 c5size option (CTEX)
)
.................................................
. LaTeX info: "xparse/define-command"
. 
. Defining command \CTeX with sig. '' on line 812.
.................................................

(c:/texlive/2015/texmf-dist/tex/latex/ctex/fontset/ctex-fontset-windows.def
File: ctex-fontset-windows.def 2015/05/16 v2.0.2 Windows fonts definition (CTEX
)

(c:/texlive/2015/texmf-dist/tex/latex/ctex/fontset/ctex-fontset-windowsnew.def
File: ctex-fontset-windowsnew.def 2015/05/16 v2.0.2 Windows fonts definition fo
r Vista or later version (CTEX)

(c:/texlive/2015/texmf-dist/tex/generic/ctex/zhwindowsfonts.tex
(c:/texlive/2015/texmf-dist/tex/generic/oberdiek/ifpdf.sty
Package ifpdf Info: The package is already loaded, stopped on input line 64.
)
File: zhwindowsfonts.tex 2014/06/03 v2.0 Windows font map loader for pdfTeX and
 DVIPDFMx (CTEX)
{c:/texlive/2015/texmf-var/fonts/map/pdftex/updmap/pdftex.map}{UGBK.sfd}{Unicod
e.sfd})
.................................................
. LaTeX info: "xparse/define-command"
. 
. Defining command \songti with sig. '' on line 93.
.................................................
.................................................
. LaTeX info: "xparse/define-command"
. 
. Defining command \heiti with sig. '' on line 94.
.................................................
.................................................
. LaTeX info: "xparse/define-command"
. 
. Defining command \fangsong with sig. '' on line 95.
.................................................
.................................................
. LaTeX info: "xparse/define-command"
. 
. Defining command \kaishu with sig. '' on line 96.
.................................................
.................................................
. LaTeX info: "xparse/define-command"
. 
. Defining command \lishu with sig. '' on line 97.
.................................................
.................................................
. LaTeX info: "xparse/define-command"
. 
. Defining command \youyuan with sig. '' on line 98.
.................................................
.................................................
. LaTeX info: "xparse/define-command"
. 
. Defining command \yahei with sig. '' on line 99.
.................................................
)))
(c:/texlive/2015/texmf-dist/tex/latex/ctex/config/ctex.cfg
File: ctex.cfg 2015/05/16 v2.0.2 Configuration file (CTEX)
)
(c:/texlive/2015/texmf-dist/tex/latex/graphics/graphicx.sty
Package: graphicx 2014/10/28 v1.0g Enhanced LaTeX Graphics (DPC,SPQR)

(c:/texlive/2015/texmf-dist/tex/latex/graphics/keyval.sty
Package: keyval 2014/10/28 v1.15 key=value parser (DPC)
\KV@toks@=\toks15
)
(c:/texlive/2015/texmf-dist/tex/latex/graphics/graphics.sty
Package: graphics 2014/10/28 v1.0p Standard LaTeX Graphics (DPC,SPQR)

(c:/texlive/2015/texmf-dist/tex/latex/graphics/trig.sty
Package: trig 1999/03/16 v1.09 sin cos tan (DPC)
)
(c:/texlive/2015/texmf-dist/tex/latex/latexconfig/graphics.cfg
File: graphics.cfg 2010/04/23 v1.9 graphics configuration of TeX Live
)
Package graphics Info: Driver file: pdftex.def on input line 94.

(c:/texlive/2015/texmf-dist/tex/latex/pdftex-def/pdftex.def
File: pdftex.def 2011/05/27 v0.06d Graphics/color for pdfTeX

(c:/texlive/2015/texmf-dist/tex/generic/oberdiek/infwarerr.sty
Package: infwarerr 2010/04/08 v1.3 Providing info/warning/error messages (HO)
)
(c:/texlive/2015/texmf-dist/tex/generic/oberdiek/ltxcmds.sty
Package: ltxcmds 2011/11/09 v1.22 LaTeX kernel commands for general use (HO)
)
\Gread@gobject=\count127
))
\Gin@req@height=\dimen143
\Gin@req@width=\dimen144
)
(c:/texlive/2015/texmf-dist/tex/latex/cjk/texinput/extended.enc
File: extended.enc 2015/04/18 4.8.4
)
(c:/texlive/2015/texmf-dist/tex/latex/cjk/texinput/extended.chr
File: extended.chr 2015/04/18 4.8.4
) (./Record.aux)
\openout1 = `Record.aux'.

LaTeX Font Info:    Checking defaults for OML/cmm/m/it on input line 9.
LaTeX Font Info:    ... okay on input line 9.
LaTeX Font Info:    Checking defaults for T1/cmr/m/n on input line 9.
LaTeX Font Info:    ... okay on input line 9.
LaTeX Font Info:    Checking defaults for OT1/cmr/m/n on input line 9.
LaTeX Font Info:    ... okay on input line 9.
LaTeX Font Info:    Checking defaults for OMS/cmsy/m/n on input line 9.
LaTeX Font Info:    ... okay on input line 9.
LaTeX Font Info:    Checking defaults for OMX/cmex/m/n on input line 9.
LaTeX Font Info:    ... okay on input line 9.
LaTeX Font Info:    Checking defaults for U/cmr/m/n on input line 9.
LaTeX Font Info:    ... okay on input line 9.
LaTeX Font Info:    Checking defaults for TS1/cmr/m/n on input line 9.
LaTeX Font Info:    ... okay on input line 9.
LaTeX Font Info:    Checking defaults for C00/song/m/n on input line 9.
LaTeX Font Info:    ... okay on input line 9.
LaTeX Font Info:    Checking defaults for C05/song/m/n on input line 9.
LaTeX Font Info:    ... okay on input line 9.
LaTeX Font Info:    Checking defaults for C09/song/m/n on input line 9.
LaTeX Font Info:    ... okay on input line 9.
LaTeX Font Info:    Checking defaults for C10/song/m/n on input line 9.
LaTeX Font Info:    ... okay on input line 9.
LaTeX Font Info:    Checking defaults for C20/song/m/n on input line 9.
LaTeX Font Info:    ... okay on input line 9.
LaTeX Font Info:    Checking defaults for C19/song/m/n on input line 9.
LaTeX Font Info:    ... okay on input line 9.
LaTeX Font Info:    Checking defaults for C40/song/m/n on input line 9.
LaTeX Font Info:    ... okay on input line 9.
LaTeX Font Info:    Checking defaults for C42/song/m/n on input line 9.
LaTeX Font Info:    ... okay on input line 9.
LaTeX Font Info:    Checking defaults for C43/song/m/n on input line 9.
LaTeX Font Info:    ... okay on input line 9.
LaTeX Font Info:    Checking defaults for C50/song/m/n on input line 9.
LaTeX Font Info:    ... okay on input line 9.
LaTeX Font Info:    Checking defaults for C52/song/m/n on input line 9.
LaTeX Font Info:    ... okay on input line 9.
LaTeX Font Info:    Checking defaults for C49/song/m/n on input line 9.
LaTeX Font Info:    ... okay on input line 9.
LaTeX Font Info:    Checking defaults for C60/mj/m/n on input line 9.
LaTeX Font Info:    ... okay on input line 9.
LaTeX Font Info:    Checking defaults for C61/mj/m/n on input line 9.
LaTeX Font Info:    ... okay on input line 9.
LaTeX Font Info:    Checking defaults for C63/mj/m/n on input line 9.
LaTeX Font Info:    ... okay on input line 9.
LaTeX Font Info:    Checking defaults for C64/mj/m/n on input line 9.
LaTeX Font Info:    ... okay on input line 9.
LaTeX Font Info:    Checking defaults for C65/mj/m/n on input line 9.
LaTeX Font Info:    ... okay on input line 9.
LaTeX Font Info:    Checking defaults for C70/song/m/n on input line 9.
LaTeX Font Info:    ... okay on input line 9.
LaTeX Font Info:    Checking defaults for C31/song/m/n on input line 9.
LaTeX Font Info:    ... okay on input line 9.
LaTeX Font Info:    Checking defaults for C32/song/m/n on input line 9.
LaTeX Font Info:    ... okay on input line 9.
LaTeX Font Info:    Checking defaults for C33/song/m/n on input line 9.
LaTeX Font Info:    ... okay on input line 9.
LaTeX Font Info:    Checking defaults for C34/song/m/n on input line 9.
LaTeX Font Info:    ... okay on input line 9.
LaTeX Font Info:    Checking defaults for C35/song/m/n on input line 9.
LaTeX Font Info:    ... okay on input line 9.
LaTeX Font Info:    Checking defaults for C36/song/m/n on input line 9.
LaTeX Font Info:    ... okay on input line 9.
LaTeX Font Info:    Checking defaults for C37/song/m/n on input line 9.
LaTeX Font Info:    ... okay on input line 9.
LaTeX Font Info:    Checking defaults for C80/song/m/n on input line 9.
LaTeX Font Info:    ... okay on input line 9.
LaTeX Font Info:    Checking defaults for C81/song/m/n on input line 9.
LaTeX Font Info:    ... okay on input line 9.
LaTeX Font Info:    Checking defaults for C01/song/m/n on input line 9.
LaTeX Font Info:    ... okay on input line 9.
LaTeX Font Info:    Checking defaults for C11/song/m/n on input line 9.
LaTeX Font Info:    ... okay on input line 9.
LaTeX Font Info:    Checking defaults for C21/song/m/n on input line 9.
LaTeX Font Info:    ... okay on input line 9.
LaTeX Font Info:    Checking defaults for C41/song/m/n on input line 9.
LaTeX Font Info:    ... okay on input line 9.
LaTeX Font Info:    Checking defaults for C62/song/m/n on input line 9.
LaTeX Font Info:    ... okay on input line 9.
ABD: EverySelectfont initializing macros
LaTeX Info: Redefining \selectfont on input line 9.

(c:/texlive/2015/texmf-dist/tex/context/base/supp-pdf.mkii
[Loading MPS to PDF converter (version 2006.09.02).]
\scratchcounter=\count128
\scratchdimen=\dimen145
\scratchbox=\box48
\nofMPsegments=\count129
\nofMParguments=\count130
\everyMPshowfont=\toks16
\MPscratchCnt=\count131
\MPscratchDim=\dimen146
\MPnumerator=\count132
\makeMPintoPDFobject=\count133
\everyMPtoPDFconversion=\toks17
) (c:/texlive/2015/texmf-dist/tex/generic/oberdiek/pdftexcmds.sty
Package: pdftexcmds 2011/11/29 v0.20 Utility functions of pdfTeX for LuaTeX (HO
)

(c:/texlive/2015/texmf-dist/tex/generic/oberdiek/ifluatex.sty
Package: ifluatex 2010/03/01 v1.3 Provides the ifluatex switch (HO)
Package ifluatex Info: LuaTeX not detected.
)
Package pdftexcmds Info: LuaTeX not detected.
Package pdftexcmds Info: \pdf@primitive is available.
Package pdftexcmds Info: \pdf@ifprimitive is available.
Package pdftexcmds Info: \pdfdraftmode found.
)
(c:/texlive/2015/texmf-dist/tex/latex/oberdiek/epstopdf-base.sty
Package: epstopdf-base 2010/02/09 v2.5 Base part for package epstopdf

(c:/texlive/2015/texmf-dist/tex/latex/oberdiek/grfext.sty
Package: grfext 2010/08/19 v1.1 Manage graphics extensions (HO)

(c:/texlive/2015/texmf-dist/tex/generic/oberdiek/kvdefinekeys.sty
Package: kvdefinekeys 2011/04/07 v1.3 Define keys (HO)
))
(c:/texlive/2015/texmf-dist/tex/latex/oberdiek/kvoptions.sty
Package: kvoptions 2011/06/30 v3.11 Key value format for package options (HO)

(c:/texlive/2015/texmf-dist/tex/generic/oberdiek/kvsetkeys.sty
Package: kvsetkeys 2012/04/25 v1.16 Key value parser (HO)

(c:/texlive/2015/texmf-dist/tex/generic/oberdiek/etexcmds.sty
Package: etexcmds 2011/02/16 v1.5 Avoid name clashes with e-TeX commands (HO)
Package etexcmds Info: Could not find \expanded.
(etexcmds)             That can mean that you are not using pdfTeX 1.50 or
(etexcmds)             that some package has redefined \expanded.
(etexcmds)             In the latter case, load this package earlier.
)))
Package grfext Info: Graphics extension search list:
(grfext)             [.png,.pdf,.jpg,.mps,.jpeg,.jbig2,.jb2,.PNG,.PDF,.JPG,.JPE
G,.JBIG2,.JB2,.eps]
(grfext)             \AppendGraphicsExtensions on input line 452.

(c:/texlive/2015/texmf-dist/tex/latex/latexconfig/epstopdf-sys.cfg
File: epstopdf-sys.cfg 2010/07/13 v1.3 Configuration of (r)epstopdf for TeX Liv
e
))
LaTeX Font Info:    External font `cmex10' loaded for size
(Font)              <12.045> on input line 11.
LaTeX Font Info:    External font `cmex10' loaded for size
(Font)              <8> on input line 11.
LaTeX Font Info:    External font `cmex10' loaded for size
(Font)              <6> on input line 11.
LaTeX Font Info:    Try loading font information for C19+rm on input line 11.

(c:/texlive/2015/texmf-dist/tex/latex/ctex/fd/c19rm.fd
File: c19rm.fd 2015/05/15 v2.0.2 Chinese font definition (CTEX)
)
(c:/texlive/2015/texmf-dist/tex/latex/cjk/texinput/utf8/UTF8.bdg
File: UTF8.bdg 2015/04/18 4.8.4
)
(c:/texlive/2015/texmf-dist/tex/latex/cjk/texinput/utf8/UTF8.enc
File: UTF8.enc 2015/04/18 4.8.4
)
(c:/texlive/2015/texmf-dist/tex/latex/cjk/texinput/utf8/UTF8.chr
File: UTF8.chr 2015/04/18 4.8.4
)
LaTeX Font Info:    Try loading font information for C70+song on input line 18.


(c:/texlive/2015/texmf-dist/tex/latex/cjk/texinput/utf8/c70song.fd
File: c70song.fd 2015/04/18 4.8.4
)
Package CJKpunct Info: punctuation spaces for family 'song' do not exist. Use f
amily 'def' instead. on input line 18.

Underfull \hbox (badness 10000) in paragraph at lines 18--26

 []

[1

] <pic1.png, id=76, 871.00406pt x 316.93407pt>
File: pic1.png Graphic file (type png)
 <use pic1.png>
Package pdftex.def Info: pic1.png used on input line 30.
(pdftex.def)             Requested size: 361.34999pt x 131.48166pt.

<pic2.png, id=78, 783.67781pt x 657.95813pt>
File: pic2.png Graphic file (type png)
 <use pic2.png>
Package pdftex.def Info: pic2.png used on input line 31.
(pdftex.def)             Requested size: 361.34999pt x 303.38727pt.

<pic3.png, id=79, 743.77875pt x 615.80063pt>
File: pic3.png Graphic file (type png)
 <use pic3.png>
Package pdftex.def Info: pic3.png used on input line 32.
(pdftex.def)             Requested size: 361.34999pt x 299.17973pt.

<pic4.png, id=80, 711.4078pt x 216.05719pt>
File: pic4.png Graphic file (type png)
 <use pic4.png>
Package pdftex.def Info: pic4.png used on input line 33.
(pdftex.def)             Requested size: 361.34999pt x 109.74593pt.

Overfull \hbox (20.88202pt too wide) in paragraph at lines 27--34
[]|\C70/song/m/n/10.53937/ff ^^L|
 []


Underfull \hbox (badness 10000) in paragraph at lines 27--34

 []


Overfull \hbox (20.88202pt too wide) in paragraph at lines 27--34
[]|\C70/song/m/n/10.53937/ff ^^L|
 []


Underfull \hbox (badness 10000) in paragraph at lines 27--34

 []


Overfull \hbox (20.88202pt too wide) in paragraph at lines 27--34
[]|\C70/song/m/n/10.53937/ff ^^L|
 []


Underfull \hbox (badness 10000) in paragraph at lines 27--34

 []


Overfull \hbox (20.88202pt too wide) in paragraph at lines 27--34
[]|\C70/song/m/n/10.53937/ff ^^L|
 []


Underfull \hbox (badness 10000) in paragraph at lines 27--34

 []


Underfull \hbox (badness 10000) in paragraph at lines 27--34

 []

[2 <./pic1.png>] [3 <./pic2.png>] <pic9.png, id=91, 913.16156pt x 293.59688pt>
File: pic9.png Graphic file (type png)

<use pic9.png>
Package pdftex.def Info: pic9.png used on input line 37.
(pdftex.def)             Requested size: 361.34999pt x 116.1778pt.
 <pic5.png, id=92, 679.78969pt x 207.77625pt>
File: pic5.png Graphic file (type png)
 <use pic5.png>
Package pdftex.def Info: pic5.png used on input line 38.
(pdftex.def)             Requested size: 361.34999pt x 110.44426pt.

<pic6.png, id=93, 896.59969pt x 265.74281pt>
File: pic6.png Graphic file (type png)
 <use pic6.png>
Package pdftex.def Info: pic6.png used on input line 39.
(pdftex.def)             Requested size: 361.34999pt x 107.0981pt.

<pic7.png, id=94, 892.08281pt x 493.0922pt>
File: pic7.png Graphic file (type png)
 <use pic7.png>
Package pdftex.def Info: pic7.png used on input line 41.
(pdftex.def)             Requested size: 361.34999pt x 199.73134pt.

<pic8.png, id=95, 900.36375pt x 200.24812pt>
File: pic8.png Graphic file (type png)
 <use pic8.png>
Package pdftex.def Info: pic8.png used on input line 44.
(pdftex.def)             Requested size: 361.34999pt x 80.36671pt.

<pic10.png, id=96, 507.39563pt x 615.0478pt>
File: pic10.png Graphic file (type png)
 <use pic10.png>
Package pdftex.def Info: pic10.png used on input line 50.
(pdftex.def)             Requested size: 361.34999pt x 438.02904pt.

Overfull \hbox (20.88202pt too wide) in paragraph at lines 35--51
[]|\C70/song/m/n/10.53937/ff ^^L|
 []


Underfull \hbox (badness 10000) in paragraph at lines 35--51

 []


Overfull \hbox (20.88202pt too wide) in paragraph at lines 35--51
[]|\C70/song/m/n/10.53937/ff ^^L|
 []


Underfull \hbox (badness 10000) in paragraph at lines 35--51

 []


Overfull \hbox (20.88202pt too wide) in paragraph at lines 35--51
[]|\C70/song/m/n/10.53937/ff ^^L|
 []


Underfull \hbox (badness 10000) in paragraph at lines 35--51

 []


Overfull \hbox (20.88202pt too wide) in paragraph at lines 35--51
[]|\C70/song/m/n/10.53937/ff ^^L|
 []


Underfull \hbox (badness 10000) in paragraph at lines 35--51

 []


Overfull \hbox (20.88202pt too wide) in paragraph at lines 35--51
[]|\C70/song/m/n/10.53937/ff ^^L|
 []


Underfull \hbox (badness 10000) in paragraph at lines 35--51

 []


Overfull \hbox (20.88202pt too wide) in paragraph at lines 35--51
[]|\C70/song/m/n/10.53937/ff ^^L|
 []


Underfull \hbox (badness 10000) in paragraph at lines 35--51

 []


Underfull \hbox (badness 10000) in paragraph at lines 35--51

 []

[4 <./pic3.png> <./pic4.png>] [5 <./pic9.png> <./pic5.png> <./pic6.png>]
[6 <./pic7.png> <./pic8.png>] <TreeNN.jpg, id=120, 1068.99374pt x 336.50719pt>
File: TreeNN.jpg Graphic file (type jpg)

<use TreeNN.jpg>
Package pdftex.def Info: TreeNN.jpg used on input line 59.
(pdftex.def)             Requested size: 361.34999pt x 113.74855pt.

Overfull \hbox (20.88202pt too wide) in paragraph at lines 52--60
[]|\C70/song/m/n/10.53937/ff ^^L|
 []


Underfull \hbox (badness 10000) in paragraph at lines 52--60

 []

[7 <./pic10.png>]
Overfull \hbox (18.19849pt too wide) in paragraph at lines 61--67
\C70/song/m/n/10.53937/53 ï \C70/song/m/n/10.53937/89 ã \C70/song/m/n/10.53937/
91 Ê \C70/song/m/n/10.53937/60 '|\C70/song/m/n/10.53937/ff ^^Z| \C70/song/m/n/1
0.53937/7e ß \C70/song/m/n/10.53937/8b ¡ \C70/song/m/n/10.53937/59 ' \C70/song/
m/n/10.53937/90 è \C70/song/m/n/10.53937/52 ^^F \C70/song/m/n/10.53937/65 ö \C7
0/song/m/n/10.53937/95 ô \C70/song/m/n/10.53937/66 /\OT1/cmr/m/n/10.53937 0\C70
/song/m/n/10.53937/8f “ \C70/song/m/n/10.53937/51 ú \C70/song/m/n/10.53937/76 „
 \C70/song/m/n/10.53937/79 ^ \C70/song/m/n/10.53937/7e Ï \C70/song/m/n/10.53937
/51 C \C70/song/m/n/10.53937/76 „ \C70/song/m/n/10.53937/4e * \C70/song/m/n/10.
53937/65 p|\C70/song/m/n/10.53937/ff ^^L| \C70/song/m/n/10.53937/7e ß \C70/song
/m/n/10.53937/8b ¡ \C70/song/m/n/10.53937/8f Ù \C70/song/m/n/10.53937/4e * \C70
/song/m/n/10.53937/54 Œ\OT1/cmr/m/n/10.53937 Variance/Bias
 []


Underfull \hbox (badness 10000) in paragraph at lines 61--67

 []

[8 <./TreeNN.jpg>]
Underfull \hbox (badness 10000) in paragraph at lines 68--71

 []

LaTeX Font Info:    External font `cmex10' loaded for size
(Font)              <10.53937> on input line 82.
LaTeX Font Info:    External font `cmex10' loaded for size
(Font)              <7> on input line 82.
LaTeX Font Info:    External font `cmex10' loaded for size
(Font)              <5> on input line 82.
[9]
Underfull \hbox (badness 10000) in paragraph at lines 105--121

 []

[10] [11] (./Record.aux) ) 
Here is how much of TeX's memory you used:
 11557 strings out of 493089
 218222 string characters out of 6138425
 245078 words of memory out of 5000000
 14812 multiletter control sequences out of 15000+600000
 30540 words of font info for 112 fonts, out of 8000000 for 9000
 1141 hyphenation exceptions out of 8191
 40i,6n,41p,10435b,459s stack positions out of 5000i,500n,10000p,200000b,80000s
<c:/Windows/fonts/simsun.ttc><c:/Windows/fonts/simsun
.ttc><c:/Windows/fonts/simsun.ttc><c:/Windows/fonts/simsun.ttc><c:/Windows/font
s/simsun.ttc><c:/Windows/fonts/simsun.ttc><c:/Windows/fonts/simsun.ttc><c:/Wind
ows/fonts/simsun.ttc><c:/Windows/fonts/simsun.ttc><c:/Windows/fonts/simsun.ttc>
<c:/Windows/fonts/simsun.ttc><c:/Windows/fonts/simsun.ttc><c:/Windows/fonts/sim
sun.ttc><c:/Windows/fonts/simsun.ttc><c:/Windows/fonts/simsun.ttc><c:/Windows/f
onts/simsun.ttc><c:/Windows/fonts/simsun.ttc><c:/Windows/fonts/simsun.ttc><c:/W
indows/fonts/simsun.ttc><c:/Windows/fonts/simsun.ttc><c:/Windows/fonts/simsun.t
tc><c:/Windows/fonts/simsun.ttc><c:/Windows/fonts/simsun.ttc><c:/Windows/fonts/
simsun.ttc><c:/Windows/fonts/simsun.ttc><c:/Windows/fonts/simsun.ttc><c:/Window
s/fonts/simsun.ttc><c:/Windows/fonts/simsun.ttc><c:/Windows/fonts/simsun.ttc><c
:/Windows/fonts/simsun.ttc><c:/Windows/fonts/simsun.ttc><c:/Windows/fonts/simsu
n.ttc><c:/Windows/fonts/simsun.ttc><c:/Windows/fonts/simsun.ttc><c:/Windows/fon
ts/simsun.ttc><c:/Windows/fonts/simsun.ttc><c:/Windows/fonts/simsun.ttc><c:/Win
dows/fonts/simsun.ttc><c:/Windows/fonts/simsun.ttc><c:/Windows/fonts/simsun.ttc
><c:/Windows/fonts/simsun.ttc><c:/Windows/fonts/simsun.ttc><c:/Windows/fonts/si
msun.ttc><c:/Windows/fonts/simsun.ttc><c:/Windows/fonts/simsun.ttc><c:/Windows/
fonts/simsun.ttc><c:/Windows/fonts/simsun.ttc><c:/Windows/fonts/simsun.ttc><c:/
Windows/fonts/simsun.ttc><c:/Windows/fonts/simsun.ttc><c:/Windows/fonts/simsun.
ttc><c:/Windows/fonts/simsun.ttc><c:/Windows/fonts/simsun.ttc><c:/Windows/fonts
/simsun.ttc><c:/Windows/fonts/simsun.ttc><c:/Windows/fonts/simsun.ttc><c:/Windo
ws/fonts/simsun.ttc><c:/Windows/fonts/simsun.ttc><c:/Windows/fonts/simsun.ttc><
c:/Windows/fonts/simsun.ttc><c:/Windows/fonts/simsun.ttc><c:/Windows/fonts/sims
un.ttc><c:/Windows/fonts/simsun.ttc><c:/Windows/fonts/simsun.ttc><c:/Windows/fo
nts/simsun.ttc><c:/Windows/fonts/simsun.ttc><c:/Windows/fonts/simsun.ttc><c:/Wi
ndows/fonts/simsun.ttc><c:/Windows/fonts/simsun.ttc><c:/Windows/fonts/simsun.tt
c><c:/Windows/fonts/simsun.ttc><c:/Windows/fonts/simsun.ttc><c:/Windows/fonts/s
imsun.ttc><c:/Windows/fonts/simsun.ttc><c:/Windows/fonts/simhei.ttf><c:/Windows
/fonts/simhei.ttf><c:/Windows/fonts/simsun.ttc><c:/Windows/fonts/simsun.ttc><c:
/Windows/fonts/simsun.ttc><c:/texlive/2015/texmf-dist/fonts/type1/public/amsfon
ts/cm/cmbx12.pfb><c:/texlive/2015/texmf-dist/fonts/type1/public/amsfonts/cm/cmm
i10.pfb><c:/texlive/2015/texmf-dist/fonts/type1/public/amsfonts/cm/cmmi7.pfb><c
:/texlive/2015/texmf-dist/fonts/type1/public/amsfonts/cm/cmr10.pfb><c:/texlive/
2015/texmf-dist/fonts/type1/public/amsfonts/cm/cmr12.pfb><c:/texlive/2015/texmf
-dist/fonts/type1/public/amsfonts/cm/cmr17.pfb><c:/texlive/2015/texmf-dist/font
s/type1/public/amsfonts/cm/cmr7.pfb><c:/texlive/2015/texmf-dist/fonts/type1/pub
lic/amsfonts/cm/cmr9.pfb>
Output written on Record.pdf (11 pages, 2417963 bytes).
PDF statistics:
 412 PDF objects out of 1000 (max. 8388607)
 288 compressed objects within 3 object streams
 0 named destinations out of 1000 (max. 500000)
 56 words of extra memory for PDF output out of 10000 (max. 10000000)

